#
# There is insufficient memory for the Java Runtime Environment to continue.
# Native memory allocation (malloc) failed to allocate 177216 bytes for Chunk::new
# Possible reasons:
#   The system is out of physical RAM or swap space
#   In 32 bit mode, the process size limit was hit
# Possible solutions:
#   Reduce memory load on the system
#   Increase physical memory or swap space
#   Check if swap backing store is full
#   Use 64 bit Java on a 64 bit OS
#   Decrease Java heap size (-Xmx/-Xms)
#   Decrease number of Java threads
#   Decrease Java thread stack sizes (-Xss)
#   Set larger code cache with -XX:ReservedCodeCacheSize=
# This output file may be truncated or incomplete.
#
#  Out of Memory Error (allocation.cpp:328), pid=12824, tid=12880
#
# JRE version: 7.0_07-b11
# Java VM: Java HotSpot(TM) 64-Bit Server VM (23.3-b01 mixed mode windows-amd64 compressed oops)
# Failed to write core dump. Minidumps are not enabled by default on client versions of Windows
#

---------------  T H R E A D  ---------------

Current thread (0x00000000084e5800):  JavaThread "C2 CompilerThread0" daemon [_thread_in_native, id=12880, stack(0x0000000009830000,0x0000000009930000)]

Stack: [0x0000000009830000,0x0000000009930000]

Current CompileTask:
C2:  13750   99             java.awt.Container::findComponentAtImpl (315 bytes)


---------------  P R O C E S S  ---------------

Java Threads: ( => current thread )
  0x0000000009ea9800 JavaThread "TimerQueue" daemon [_thread_blocked, id=13212, stack(0x000000000f740000,0x000000000f840000)]
  0x0000000009fa5800 JavaThread "Abandoned connection cleanup thread" daemon [_thread_blocked, id=13160, stack(0x000000000e9f0000,0x000000000eaf0000)]
  0x0000000009f69800 JavaThread "D3D Screen Updater" daemon [_thread_blocked, id=12952, stack(0x000000000d470000,0x000000000d570000)]
  0x000000000025c800 JavaThread "DestroyJavaVM" [_thread_blocked, id=12848, stack(0x0000000002060000,0x0000000002160000)]
  0x0000000009eba800 JavaThread "AWT-EventQueue-0" [_thread_blocked, id=12948, stack(0x000000000c650000,0x000000000c750000)]
  0x0000000009e6c800 JavaThread "AWT-Windows" daemon [_thread_in_native, id=12904, stack(0x0000000009320000,0x0000000009420000)]
  0x0000000009e6b800 JavaThread "AWT-Shutdown" [_thread_blocked, id=12900, stack(0x000000000a2e0000,0x000000000a3e0000)]
  0x0000000008545800 JavaThread "Java2D Disposer" daemon [_thread_blocked, id=12896, stack(0x00000000090d0000,0x00000000091d0000)]
  0x00000000084f8000 JavaThread "Service Thread" daemon [_thread_blocked, id=12888, stack(0x0000000009ad0000,0x0000000009bd0000)]
  0x00000000084f4000 JavaThread "C2 CompilerThread1" daemon [_thread_blocked, id=12884, stack(0x00000000099c0000,0x0000000009ac0000)]
=>0x00000000084e5800 JavaThread "C2 CompilerThread0" daemon [_thread_in_native, id=12880, stack(0x0000000009830000,0x0000000009930000)]
  0x00000000084e4000 JavaThread "Attach Listener" daemon [_thread_blocked, id=12876, stack(0x0000000009610000,0x0000000009710000)]
  0x00000000084e2800 JavaThread "Signal Dispatcher" daemon [_thread_blocked, id=12872, stack(0x0000000009440000,0x0000000009540000)]
  0x000000000845d800 JavaThread "Finalizer" daemon [_thread_blocked, id=12868, stack(0x0000000008e60000,0x0000000008f60000)]
  0x0000000008454800 JavaThread "Reference Handler" daemon [_thread_blocked, id=12864, stack(0x00000000091f0000,0x00000000092f0000)]

Other Threads:
  0x000000000844e000 VMThread [stack: 0x0000000008fc0000,0x00000000090c0000] [id=12860]
  0x0000000008502800 WatcherThread [stack: 0x0000000009cf0000,0x0000000009df0000] [id=12892]

VM state:not at safepoint (normal execution)

VM Mutex/Monitor currently owned by a thread: None

Heap
 PSYoungGen      total 18944K, used 8316K [0x00000000ead60000, 0x00000000ec280000, 0x0000000100000000)
  eden space 16256K, 34% used [0x00000000ead60000,0x00000000eb2e47e8,0x00000000ebd40000)
  from space 2688K, 99% used [0x00000000ebd40000,0x00000000ebfda960,0x00000000ebfe0000)
  to   space 2688K, 0% used [0x00000000ebfe0000,0x00000000ebfe0000,0x00000000ec280000)
 ParOldGen       total 43392K, used 1475K [0x00000000c0800000, 0x00000000c3260000, 0x00000000ead60000)
  object space 43392K, 3% used [0x00000000c0800000,0x00000000c0970fe8,0x00000000c3260000)
 PSPermGen       total 21248K, used 12593K [0x00000000bb600000, 0x00000000bcac0000, 0x00000000c0800000)
  object space 21248K, 59% used [0x00000000bb600000,0x00000000bc24c798,0x00000000bcac0000)

Card table byte_map: [0x0000000005160000,0x0000000005390000] byte_map_base: 0x0000000004b85000

Polling page: 0x0000000000090000

Code Cache  [0x0000000002160000, 0x00000000023d0000, 0x0000000005160000)
 total_blobs=563 nmethods=101 adapters=413 free_code_cache=48481Kb largest_free_block=49618048

Compilation events (10 events):
Event: 11.571 Thread 0x00000000084f4000   94             java.awt.Component::isEnabledImpl (5 bytes)
Event: 11.572 Thread 0x00000000084f4000 nmethod 94 0x000000000220b0d0 code [0x000000000220b200, 0x000000000220b258]
Event: 11.574 Thread 0x00000000084e5800 nmethod 91 0x000000000220c3d0 code [0x000000000220c540, 0x000000000220c798]
Event: 11.577 Thread 0x00000000084f4000   95             sun.awt.SunHints$Key::getIndex (5 bytes)
Event: 11.577 Thread 0x00000000084f4000 nmethod 95 0x000000000220c1d0 code [0x000000000220c300, 0x000000000220c358]
Event: 11.577 Thread 0x00000000084e5800   96             java.awt.RenderingHints$Key::intKey (5 bytes)
Event: 11.578 Thread 0x00000000084e5800 nmethod 96 0x000000000220bfd0 code [0x000000000220c100, 0x000000000220c158]
Event: 12.046 Thread 0x00000000084f4000   98             java.util.concurrent.locks.AbstractQueuedSynchronizer::getState (5 bytes)
Event: 12.047 Thread 0x00000000084f4000 nmethod 98 0x000000000220ba10 code [0x000000000220bb40, 0x000000000220bb98]
Event: 13.358 Thread 0x00000000084e5800   99             java.awt.Container::findComponentAtImpl (315 bytes)

GC Heap History (2 events):
Event: 11.375 GC heap before
{Heap before GC invocations=1 (full 0):
 PSYoungGen      total 18944K, used 15153K [0x00000000ead60000, 0x00000000ec280000, 0x0000000100000000)
  eden space 16256K, 93% used [0x00000000ead60000,0x00000000ebc2c608,0x00000000ebd40000)
  from space 2688K, 0% used [0x00000000ebfe0000,0x00000000ebfe0000,0x00000000ec280000)
  to   space 2688K, 0% used [0x00000000ebd40000,0x00000000ebd40000,0x00000000ebfe0000)
 ParOldGen       total 43392K, used 0K [0x00000000c0800000, 0x00000000c3260000, 0x00000000ead60000)
  object space 43392K, 0% used [0x00000000c0800000,0x00000000c0800000,0x00000000c3260000)
 PSPermGen       total 21248K, used 12415K [0x00000000bb600000, 0x00000000bcac0000, 0x00000000c0800000)
  object space 21248K, 58% used [0x00000000bb600000,0x00000000bc21fe28,0x00000000bcac0000)
Event: 11.392 GC heap after
Heap after GC invocations=1 (full 0):
 PSYoungGen      total 18944K, used 2666K [0x00000000ead60000, 0x00000000ec280000, 0x0000000100000000)
  eden space 16256K, 0% used [0x00000000ead60000,0x00000000ead60000,0x00000000ebd40000)
  from space 2688K, 99% used [0x00000000ebd40000,0x00000000ebfda960,0x00000000ebfe0000)
  to   space 2688K, 0% used [0x00000000ebfe0000,0x00000000ebfe0000,0x00000000ec280000)
 ParOldGen       total 43392K, used 1475K [0x00000000c0800000, 0x00000000c3260000, 0x00000000ead60000)
  object space 43392K, 3% used [0x00000000c0800000,0x00000000c0970fe8,0x00000000c3260000)
 PSPermGen       total 21248K, used 12415K [0x00000000bb600000, 0x00000000bcac0000, 0x00000000c0800000)
  object space 21248K, 58% used [0x00000000bb600000,0x00000000bc21fe28,0x00000000bcac0000)
}

Deoptimization events (4 events):
Event: 4.261 Thread 0x0000000009eba800 Uncommon trap -34 fr.pc 0x00000000021e2b7c
Event: 4.287 Thread 0x0000000009eba800 Uncommon trap -34 fr.pc 0x00000000021e2b7c
Event: 4.287 Thread 0x0000000009eba800 Uncommon trap -34 fr.pc 0x00000000021e2b7c
Event: 4.302 Thread 0x0000000009eba800 Uncommon trap -34 fr.pc 0x00000000021e2b7c

Internal exceptions (10 events):
Event: 4.440 Thread 0x0000000009eba800 Threw 0x00000000eb795750 at C:\jdk7u1_64p\jdk7u7\hotspot\src\share\vm\prims\jvm.cpp:1166
Event: 4.441 Thread 0x0000000009eba800 Threw 0x00000000eb7986f8 at C:\jdk7u1_64p\jdk7u7\hotspot\src\share\vm\prims\jvm.cpp:1166
Event: 4.444 Thread 0x0000000009eba800 Threw 0x00000000eb79bcd8 at C:\jdk7u1_64p\jdk7u7\hotspot\src\share\vm\prims\jvm.cpp:1166
Event: 4.473 Thread 0x0000000009eba800 Threw 0x00000000eb7cef78 at C:\jdk7u1_64p\jdk7u7\hotspot\src\share\vm\prims\jvm.cpp:1166
Event: 4.478 Thread 0x0000000009eba800 Threw 0x00000000eb7e50c0 at C:\jdk7u1_64p\jdk7u7\hotspot\src\share\vm\prims\jvm.cpp:1166
Event: 4.479 Thread 0x0000000009eba800 Threw 0x00000000eb7e8fb0 at C:\jdk7u1_64p\jdk7u7\hotspot\src\share\vm\prims\jvm.cpp:1166
Event: 4.480 Thread 0x0000000009eba800 Threw 0x00000000eb7eca98 at C:\jdk7u1_64p\jdk7u7\hotspot\src\share\vm\prims\jvm.cpp:1166
Event: 4.488 Thread 0x0000000009eba800 Threw 0x00000000eb7fbaf8 at C:\jdk7u1_64p\jdk7u7\hotspot\src\share\vm\prims\jvm.cpp:1166
Event: 4.597 Thread 0x0000000009eba800 Threw 0x00000000eb8916f8 at C:\jdk7u1_64p\jdk7u7\hotspot\src\share\vm\prims\jvm.cpp:1166
Event: 11.420 Thread 0x000000000845d800 Threw 0x00000000eb0e6f58 at C:\jdk7u1_64p\jdk7u7\hotspot\src\share\vm\interpreter\linkResolver.cpp:805

Events (10 events):
Event: 11.397 Executing VM operation: RevokeBias done
Event: 11.397 Executing VM operation: RevokeBias
Event: 11.397 Executing VM operation: RevokeBias done
Event: 11.398 loading class 0x0000000009fb6fa0
Event: 11.419 loading class 0x00000000085a5a80 done
Event: 11.420 loading class 0x0000000009ea8090
Event: 11.420 loading class 0x0000000009ea8090 done
Event: 11.420 loading class 0x0000000009fb6fa0 done
Event: 11.518 loading class 0x0000000008513a50
Event: 11.518 loading class 0x0000000008513a50 done


Dynamic libraries:
0x000000013f180000 - 0x000000013f1b4000 	C:\Program Files\Java\jre7\bin\javaw.exe
0x0000000077790000 - 0x0000000077939000 	C:\Windows\SYSTEM32\ntdll.dll
0x0000000077570000 - 0x000000007768f000 	C:\Windows\system32\kernel32.dll
0x000007fefd6b0000 - 0x000007fefd71b000 	C:\Windows\system32\KERNELBASE.dll
0x000007feff1f0000 - 0x000007feff2cb000 	C:\Windows\system32\ADVAPI32.dll
0x000007fefda90000 - 0x000007fefdb2f000 	C:\Windows\system32\msvcrt.dll
0x000007fefdb30000 - 0x000007fefdb4f000 	C:\Windows\SYSTEM32\sechost.dll
0x000007fefdbd0000 - 0x000007fefdcfd000 	C:\Windows\system32\RPCRT4.dll
0x0000000077690000 - 0x000000007778a000 	C:\Windows\system32\USER32.dll
0x000007feffa30000 - 0x000007feffa97000 	C:\Windows\system32\GDI32.dll
0x000007feff570000 - 0x000007feff57e000 	C:\Windows\system32\LPK.dll
0x000007feff120000 - 0x000007feff1e9000 	C:\Windows\system32\USP10.dll
0x000007fefbf10000 - 0x000007fefc104000 	C:\Windows\WinSxS\amd64_microsoft.windows.common-controls_6595b64144ccf1df_6.0.7601.17514_none_fa396087175ac9ac\COMCTL32.dll
0x000007feff8f0000 - 0x000007feff961000 	C:\Windows\system32\SHLWAPI.dll
0x000007fefdee0000 - 0x000007fefdf0e000 	C:\Windows\system32\IMM32.DLL
0x000007fefdf10000 - 0x000007fefe019000 	C:\Windows\system32\MSCTF.dll
0x000000006ef40000 - 0x000000006f011000 	C:\Program Files\Java\jre7\bin\msvcr100.dll
0x000000006a900000 - 0x000000006b01f000 	C:\Program Files\Java\jre7\bin\server\jvm.dll
0x000007fef4c50000 - 0x000007fef4c59000 	C:\Windows\system32\WSOCK32.dll
0x000007fefd9a0000 - 0x000007fefd9ed000 	C:\Windows\system32\WS2_32.dll
0x000007feff2d0000 - 0x000007feff2d8000 	C:\Windows\system32\NSI.dll
0x000007fefad40000 - 0x000007fefad7b000 	C:\Windows\system32\WINMM.dll
0x0000000077960000 - 0x0000000077967000 	C:\Windows\system32\PSAPI.DLL
0x0000000074350000 - 0x000000007435f000 	C:\Program Files\Java\jre7\bin\verify.dll
0x0000000074040000 - 0x0000000074068000 	C:\Program Files\Java\jre7\bin\java.dll
0x0000000073e40000 - 0x0000000073e55000 	C:\Program Files\Java\jre7\bin\zip.dll
0x000000006eb90000 - 0x000000006ed23000 	C:\Program Files\Java\jre7\bin\awt.dll
0x000007fefee10000 - 0x000007fefeee7000 	C:\Windows\system32\OLEAUT32.dll
0x000007feff580000 - 0x000007feff783000 	C:\Windows\system32\ole32.dll
0x000007fefb8d0000 - 0x000007fefb8e8000 	C:\Windows\system32\DWMAPI.DLL
0x000007fefbd00000 - 0x000007fefbd56000 	C:\Windows\system32\uxtheme.dll
0x000007fefd4a0000 - 0x000007fefd4af000 	C:\Windows\system32\CRYPTBASE.dll
0x000007feede10000 - 0x000007feee00f000 	C:\Windows\system32\d3d9.dll
0x000007fefc4e0000 - 0x000007fefc4ec000 	C:\Windows\system32\VERSION.dll
0x000007fef87b0000 - 0x000007fef87b7000 	C:\Windows\system32\d3d8thk.dll
0x000007feecf70000 - 0x000007feede0a000 	C:\Windows\system32\nvd3dumx.dll
0x000007fefaff0000 - 0x000007fefb01c000 	C:\Windows\system32\powrprof.dll
0x000007fefdd00000 - 0x000007fefded7000 	C:\Windows\system32\SETUPAPI.dll
0x000007fefd660000 - 0x000007fefd696000 	C:\Windows\system32\CFGMGR32.dll
0x000007fefd980000 - 0x000007fefd99a000 	C:\Windows\system32\DEVOBJ.dll
0x000007fefe080000 - 0x000007fefee08000 	C:\Windows\system32\SHELL32.dll
0x00000000743a0000 - 0x00000000743d4000 	C:\Program Files\Java\jre7\bin\fontmanager.dll
0x0000000071a20000 - 0x0000000071a39000 	C:\Program Files\Java\jre7\bin\net.dll
0x000007fefcde0000 - 0x000007fefce35000 	C:\Windows\system32\mswsock.dll
0x000007fefcdd0000 - 0x000007fefcdd7000 	C:\Windows\System32\wship6.dll
0x0000000071500000 - 0x0000000071511000 	C:\Program Files\Java\jre7\bin\nio.dll
0x000000006f070000 - 0x000000006f0b1000 	C:\Program Files\Java\jre7\bin\t2k.dll
0x000007fefc730000 - 0x000007fefc737000 	C:\Windows\System32\wshtcpip.dll
0x000007fef4b00000 - 0x000007fef4b2f000 	C:\Program Files\Common Files\Microsoft Shared\Windows Live\WLIDNSP.DLL
0x000007fefcc20000 - 0x000007fefcc7b000 	C:\Windows\system32\DNSAPI.dll
0x000007fef9b00000 - 0x000007fef9b27000 	C:\Windows\system32\IPHLPAPI.DLL
0x000007fef9b90000 - 0x000007fef9b9b000 	C:\Windows\system32\WINNSI.DLL
0x000007fef4af0000 - 0x000007fef4af8000 	C:\Windows\system32\rasadhlp.dll
0x000007fef9b30000 - 0x000007fef9b83000 	C:\Windows\System32\fwpuclnt.dll

VM Arguments:
jvm_args: -Dfile.encoding=Cp1253 
java_command: Main
Launcher Type: SUN_STANDARD

Environment Variables:
PATH=C:\Program Files\Common Files\Microsoft Shared\Windows Live;C:\Program Files (x86)\Common Files\Microsoft Shared\Windows Live;C:\Windows\system32;C:\Windows;C:\Windows\System32\Wbem;C:\Windows\System32\WindowsPowerShell\v1.0\;C:\Program Files (x86)\Autodesk\Backburner\;C:\Program Files (x86)\Common Files\Autodesk Shared\;C:\Program Files (x86)\Windows Live\Shared;c:\Program Files (x86)\Microsoft SQL Server\90\Tools\binn\;C:\Users\Sofia\AppData\Local\Smartbar\Application\;C:\Program Files\Microsoft\Web Platform Installer\;C:\Program Files (x86)\Common Files\Adobe\AGL
USERNAME=Sofia
OS=Windows_NT
PROCESSOR_IDENTIFIER=Intel64 Family 6 Model 23 Stepping 10, GenuineIntel



---------------  S Y S T E M  ---------------

OS: Windows 7 , 64 bit Build 7601 Service Pack 1

CPU:total 2 (2 cores per cpu, 1 threads per core) family 6 model 23 stepping 10, cmov, cx8, fxsr, mmx, sse, sse2, sse3, ssse3, tsc

Memory: 4k page, physical 4160436k(660264k free), swap 16639884k(5204k free)

vm_info: Java HotSpot(TM) 64-Bit Server VM (23.3-b01) for windows-amd64 JRE (1.7.0_07-b11), built on Sep  7 2012 01:19:25 by "java_re" with unknown MS VC++:1600

time: Thu May 30 00:50:56 2013
elapsed time: 13 seconds

